# JRE version: OpenJDK Runtime Environment (8.0_242-b01) (build 1.8.0_242-release-1644-b01)
# Java VM: OpenJDK 64-Bit Server VM (25.242-b01 mixed mode windows-amd64 compressed oops)
Heap:
 PSYoungGen      total 199168K, used 171887K [0x00000000d5580000, 0x00000000e5000000, 0x0000000100000000)
  eden space 182272K, 85% used [0x00000000d5580000,0x00000000ded3ece8,0x00000000e0780000)
  from space 16896K, 97% used [0x00000000e0780000,0x00000000e179d178,0x00000000e1800000)
  to   space 18944K, 0% used [0x00000000e3d80000,0x00000000e3d80000,0x00000000e5000000)
 ParOldGen       total 135168K, used 34517K [0x0000000080000000, 0x0000000088400000, 0x00000000d5580000)
  object space 135168K, 25% used [0x0000000080000000,0x00000000821b5530,0x0000000088400000)
 Metaspace       used 73648K, capacity 78930K, committed 79192K, reserved 1118208K
  class space    used 10096K, capacity 11015K, committed 11136K, reserved 1048576K
GC Heap History (10 events):
Event: 7.301 GC heap before
{Heap before GC invocations=12 (full 2):
 PSYoungGen      total 119808K, used 108032K [0x00000000d5580000, 0x00000000e0400000, 0x0000000100000000)
  eden space 108032K, 100% used [0x00000000d5580000,0x00000000dbf00000,0x00000000dbf00000)
  from space 11776K, 0% used [0x00000000dbf00000,0x00000000dbf00000,0x00000000dca80000)
  to   space 11776K, 0% used [0x00000000df880000,0x00000000df880000,0x00000000e0400000)
 ParOldGen       total 83968K, used 14807K [0x0000000080000000, 0x0000000085200000, 0x00000000d5580000)
  object space 83968K, 17% used [0x0000000080000000,0x0000000080e75c10,0x0000000085200000)
 Metaspace       used 40229K, capacity 42224K, committed 42328K, reserved 1085440K
  class space    used 5514K, capacity 5929K, committed 6016K, reserved 1048576K
Event: 7.309 GC heap after
Heap after GC invocations=12 (full 2):
 PSYoungGen      total 150528K, used 10104K [0x00000000d5580000, 0x00000000e0280000, 0x0000000100000000)
  eden space 140288K, 0% used [0x00000000d5580000,0x00000000d5580000,0x00000000dde80000)
  from space 10240K, 98% used [0x00000000df880000,0x00000000e025e1e0,0x00000000e0280000)
  to   space 12288K, 0% used [0x00000000dea80000,0x00000000dea80000,0x00000000df680000)
 ParOldGen       total 83968K, used 14815K [0x0000000080000000, 0x0000000085200000, 0x00000000d5580000)
  object space 83968K, 17% used [0x0000000080000000,0x0000000080e77c10,0x0000000085200000)
 Metaspace       used 40229K, capacity 42224K, committed 42328K, reserved 1085440K
  class space    used 5514K, capacity 5929K, committed 6016K, reserved 1048576K
}
Event: 8.651 GC heap before
{Heap before GC invocations=13 (full 2):
 PSYoungGen      total 150528K, used 150392K [0x00000000d5580000, 0x00000000e0280000, 0x0000000100000000)
  eden space 140288K, 100% used [0x00000000d5580000,0x00000000dde80000,0x00000000dde80000)
  from space 10240K, 98% used [0x00000000df880000,0x00000000e025e1e0,0x00000000e0280000)
  to   space 12288K, 0% used [0x00000000dea80000,0x00000000dea80000,0x00000000df680000)
 ParOldGen       total 83968K, used 14815K [0x0000000080000000, 0x0000000085200000, 0x00000000d5580000)
  object space 83968K, 17% used [0x0000000080000000,0x0000000080e77c10,0x0000000085200000)
 Metaspace       used 51652K, capacity 54042K, committed 54104K, reserved 1095680K
  class space    used 6967K, capacity 7502K, committed 7552K, reserved 1048576K
Event: 8.669 GC heap after
Heap after GC invocations=13 (full 2):
 PSYoungGen      total 164864K, used 12268K [0x00000000d5580000, 0x00000000e2900000, 0x0000000100000000)
  eden space 152576K, 0% used [0x00000000d5580000,0x00000000d5580000,0x00000000dea80000)
  from space 12288K, 99% used [0x00000000dea80000,0x00000000df67b320,0x00000000df680000)
  to   space 17408K, 0% used [0x00000000e1800000,0x00000000e1800000,0x00000000e2900000)
 ParOldGen       total 83968K, used 24669K [0x0000000080000000, 0x0000000085200000, 0x00000000d5580000)
  object space 83968K, 29% used [0x0000000080000000,0x00000000818175b0,0x0000000085200000)
 Metaspace       used 51652K, capacity 54042K, committed 54104K, reserved 1095680K
  class space    used 6967K, capacity 7502K, committed 7552K, reserved 1048576K
}
Event: 9.299 GC heap before
{Heap before GC invocations=14 (full 2):
 PSYoungGen      total 164864K, used 85802K [0x00000000d5580000, 0x00000000e2900000, 0x0000000100000000)
  eden space 152576K, 48% used [0x00000000d5580000,0x00000000d9d4f870,0x00000000dea80000)
  from space 12288K, 99% used [0x00000000dea80000,0x00000000df67b320,0x00000000df680000)
  to   space 17408K, 0% used [0x00000000e1800000,0x00000000e1800000,0x00000000e2900000)
 ParOldGen       total 83968K, used 24669K [0x0000000080000000, 0x0000000085200000, 0x00000000d5580000)
  object space 83968K, 29% used [0x0000000080000000,0x00000000818175b0,0x0000000085200000)
 Metaspace       used 56195K, capacity 58864K, committed 58968K, reserved 1099776K
  class space    used 7667K, capacity 8235K, committed 8320K, reserved 1048576K
Event: 9.315 GC heap after
Heap after GC invocations=14 (full 2):
 PSYoungGen      total 199680K, used 8491K [0x00000000d5580000, 0x00000000e3b80000, 0x0000000100000000)
  eden space 182272K, 0% used [0x00000000d5580000,0x00000000d5580000,0x00000000e0780000)
  from space 17408K, 48% used [0x00000000e1800000,0x00000000e204ae48,0x00000000e2900000)
  to   space 16896K, 0% used [0x00000000e0780000,0x00000000e0780000,0x00000000e1800000)
 ParOldGen       total 83968K, used 36827K [0x0000000080000000, 0x0000000085200000, 0x00000000d5580000)
  object space 83968K, 43% used [0x0000000080000000,0x00000000823f6ed8,0x0000000085200000)
 Metaspace       used 56195K, capacity 58864K, committed 58968K, reserved 1099776K
  class space    used 7667K, capacity 8235K, committed 8320K, reserved 1048576K
}
Event: 9.315 GC heap before
{Heap before GC invocations=15 (full 3):
 PSYoungGen      total 199680K, used 8491K [0x00000000d5580000, 0x00000000e3b80000, 0x0000000100000000)
  eden space 182272K, 0% used [0x00000000d5580000,0x00000000d5580000,0x00000000e0780000)
  from space 17408K, 48% used [0x00000000e1800000,0x00000000e204ae48,0x00000000e2900000)
  to   space 16896K, 0% used [0x00000000e0780000,0x00000000e0780000,0x00000000e1800000)
 ParOldGen       total 83968K, used 36827K [0x0000000080000000, 0x0000000085200000, 0x00000000d5580000)
  object space 83968K, 43% used [0x0000000080000000,0x00000000823f6ed8,0x0000000085200000)
 Metaspace       used 56195K, capacity 58864K, committed 58968K, reserved 1099776K
  class space    used 7667K, capacity 8235K, committed 8320K, reserved 1048576K
Event: 9.511 GC heap after
Heap after GC invocations=15 (full 3):
 PSYoungGen      total 199680K, used 0K [0x00000000d5580000, 0x00000000e3b80000, 0x0000000100000000)
  eden space 182272K, 0% used [0x00000000d5580000,0x00000000d5580000,0x00000000e0780000)
  from space 17408K, 0% used [0x00000000e1800000,0x00000000e1800000,0x00000000e2900000)
  to   space 16896K, 0% used [0x00000000e0780000,0x00000000e0780000,0x00000000e1800000)
 ParOldGen       total 135168K, used 34445K [0x0000000080000000, 0x0000000088400000, 0x00000000d5580000)
  object space 135168K, 25% used [0x0000000080000000,0x00000000821a3520,0x0000000088400000)
 Metaspace       used 56108K, capacity 58570K, committed 58968K, reserved 1099776K
  class space    used 7640K, capacity 8186K, committed 8320K, reserved 1048576K
}
Event: 12.122 GC heap before
{Heap before GC invocations=16 (full 3):
 PSYoungGen      total 199680K, used 182272K [0x00000000d5580000, 0x00000000e3b80000, 0x0000000100000000)
  eden space 182272K, 100% used [0x00000000d5580000,0x00000000e0780000,0x00000000e0780000)
  from space 17408K, 0% used [0x00000000e1800000,0x00000000e1800000,0x00000000e2900000)
  to   space 16896K, 0% used [0x00000000e0780000,0x00000000e0780000,0x00000000e1800000)
 ParOldGen       total 135168K, used 34445K [0x0000000080000000, 0x0000000088400000, 0x00000000d5580000)
  object space 135168K, 25% used [0x0000000080000000,0x00000000821a3520,0x0000000088400000)
 Metaspace       used 66002K, capacity 70808K, committed 71000K, reserved 1110016K
  class space    used 9150K, capacity 9989K, committed 10112K, reserved 1048576K
Event: 12.138 GC heap after
Heap after GC invocations=16 (full 3):
 PSYoungGen      total 199168K, used 16500K [0x00000000d5580000, 0x00000000e5000000, 0x0000000100000000)
  eden space 182272K, 0% used [0x00000000d5580000,0x00000000d5580000,0x00000000e0780000)
  from space 16896K, 97% used [0x00000000e0780000,0x00000000e179d178,0x00000000e1800000)
  to   space 18944K, 0% used [0x00000000e3d80000,0x00000000e3d80000,0x00000000e5000000)
 ParOldGen       total 135168K, used 34517K [0x0000000080000000, 0x0000000088400000, 0x00000000d5580000)
  object space 135168K, 25% used [0x0000000080000000,0x00000000821b5530,0x0000000088400000)
 Metaspace       used 66002K, capacity 70808K, committed 71000K, reserved 1110016K
  class space    used 9150K, capacity 9989K, committed 10112K, reserved 1048576K
}

